\BOOKMARK [2][-]{section*.1}{\376\377\000I\000n\000t\000r\000o\000d\000u\000c\000t\000i\000o\000n\000\040\000\046\000\040\000M\000o\000t\000i\000v\000a\000t\000i\000o\000n}{}% 1
\BOOKMARK [2][-]{section*.2}{\376\377\000D\000a\000t\000a\000\040\000s\000e\000t\000\040\000\046\000\040\000W\000r\000a\000n\000g\000l\000i\000n\000g}{}% 2
\BOOKMARK [2][-]{section*.3}{\376\377\000E\000x\000p\000l\000o\000r\000a\000t\000o\000r\000y\000\040\000D\000a\000t\000a\000\040\000A\000n\000a\000l\000y\000s\000i\000s\000\040\000\050\000E\000D\000A\000\051}{}% 3
\BOOKMARK [2][-]{section*.4}{\376\377\000M\000o\000d\000e\000l\000\040\000s\000e\000l\000e\000c\000t\000i\000o\000n}{}% 4
\BOOKMARK [2][-]{section*.5}{\376\377\000M\000o\000d\000e\000l\000\040\000c\000o\000m\000p\000a\000r\000i\000s\000o\000n\000\040\000-\000\040\000c\000o\000n\000d\000i\000t\000i\000o\000n\000s}{}% 5
\BOOKMARK [2][-]{section*.6}{\376\377\000M\000o\000d\000e\000l\000\040\000c\000o\000m\000p\000a\000r\000i\000s\000o\000n\000\040\000-\000\040\000o\000u\000t\000l\000i\000e\000r\000s\000\040\000a\000n\000d\000\040\000i\000n\000f\000l\000u\000e\000n\000t\000i\000a\000l\000\040\000p\000o\000i\000n\000t\000s}{}% 6
\BOOKMARK [2][-]{section*.7}{\376\377\000M\000o\000d\000e\000l\000\040\000c\000o\000m\000p\000a\000r\000i\000s\000o\000n\000\040\000-\000\040\000m\000u\000l\000t\000i\000c\000o\000l\000l\000i\000n\000e\000a\000r\000i\000t\000y}{}% 7
\BOOKMARK [2][-]{section*.8}{\376\377\000M\000o\000d\000e\000l\000\040\000c\000o\000m\000p\000a\000r\000i\000s\000o\000n\000\040\000-\000\040\000A\000d\000d\000e\000d\000\040\000V\000a\000r\000i\000a\000b\000l\000e\000\040\000P\000l\000o\000t}{}% 8
\BOOKMARK [2][-]{section*.9}{\376\377\000M\000o\000d\000e\000l\000\040\000c\000o\000m\000p\000a\000r\000i\000s\000o\000n\000\040\000-\000\040\000N\000e\000s\000t\000e\000d\000\040\000F\000-\000T\000e\000s\000t}{}% 9
\BOOKMARK [2][-]{section*.10}{\376\377\000B\000o\000o\000t\000s\000t\000r\000a\000p\000p\000i\000n\000g}{}% 10
\BOOKMARK [2][-]{section*.11}{\376\377\000F\000i\000n\000a\000l\000\040\000e\000v\000a\000l\000u\000a\000t\000i\000o\000n\000\040\000o\000f\000\040\0004\000\040\000a\000n\000d\000\040\0005\000\040\000t\000e\000r\000m\000\040\000m\000o\000d\000e\000l\000s}{}% 11
\BOOKMARK [2][-]{section*.12}{\376\377\000O\000u\000t\000l\000i\000e\000r\000\040\000r\000e\000m\000o\000v\000a\000l}{}% 12
\BOOKMARK [2][-]{section*.13}{\376\377\000I\000n\000t\000e\000r\000a\000c\000t\000i\000o\000n\000s}{}% 13
\BOOKMARK [2][-]{section*.14}{\376\377\000F\000i\000n\000a\000l\000\040\000C\000o\000n\000c\000l\000u\000s\000i\000o\000n\000:}{}% 14
\BOOKMARK [2][-]{section*.15}{\376\377\000A\000p\000p\000e\000n\000d\000i\000c\000e\000s}{}% 15
\BOOKMARK [3][-]{section*.16}{\376\377\000A\000p\000p\000e\000n\000d\000i\000x\000\040\0001\000:\000\040\000D\000a\000t\000a\000\040\000W\000r\000a\000n\000g\000l\000i\000n\000g}{section*.15}% 16
\BOOKMARK [3][-]{section*.17}{\376\377\000A\000p\000p\000e\000n\000d\000i\000x\000\040\0002\000:\000\040\000v\000a\000r\000i\000a\000b\000l\000e\000\040\000t\000r\000a\000n\000s\000f\000o\000r\000m\000a\000t\000i\000o\000n\000\040\000s\000c\000a\000t\000t\000e\000r\000\040\000p\000l\000o\000t\000s}{section*.15}% 17
\BOOKMARK [3][-]{section*.18}{\376\377\000A\000p\000p\000e\000n\000d\000i\000x\000\040\0003\000:\000\040\000N\000u\000m\000e\000r\000i\000c\000\040\000s\000u\000m\000m\000a\000r\000i\000e\000s\000\040\000o\000f\000\040\000t\000r\000a\000n\000s\000f\000o\000r\000m\000e\000d\000\040\000v\000a\000r\000i\000a\000b\000l\000e\000s}{section*.15}% 18
\BOOKMARK [3][-]{section*.19}{\376\377\000A\000p\000p\000e\000n\000d\000i\000x\000\040\0004\000:\000\040\000g\000g\000p\000a\000i\000r\000s\000\040\000w\000/\000\040\000j\000u\000s\000t\000\040\000F\000a\000r\000m\000\040\000I\000n\000c\000o\000m\000e\000\040\000T\000r\000a\000n\000s\000f\000o\000r\000m\000e\000d}{section*.15}% 19
\BOOKMARK [3][-]{section*.20}{\376\377\000A\000p\000p\000e\000n\000d\000i\000x\000\040\0005\000:\000\040\000g\000g\000p\000a\000i\000r\000s\000\040\000w\000i\000t\000h\000\040\000a\000l\000l\000\040\000t\000r\000a\000n\000s\000f\000o\000r\000m\000e\000d\000\040\000V\000a\000r\000i\000a\000b\000l\000e\000s}{section*.15}% 20
\BOOKMARK [3][-]{section*.21}{\376\377\000A\000p\000p\000e\000n\000d\000i\000x\000\040\0006\000:\000\040\000C\000o\000m\000p\000a\000r\000i\000s\000o\000n\000\040\000o\000f\000\040\000F\000a\000r\000m\000\040\000I\000n\000c\000o\000m\000e\000\040\000t\000r\000a\000n\000s\000f\000o\000r\000m\000a\000t\000i\000o\000n}{section*.15}% 21
\BOOKMARK [3][-]{section*.22}{\376\377\000A\000p\000p\000e\000n\000d\000i\000x\000\040\0007\000:\000\040\000M\000o\000d\000e\000l\000\040\000s\000e\000l\000e\000c\000t\000i\000o\000n}{section*.15}% 22
\BOOKMARK [3][-]{section*.23}{\376\377\000A\000p\000p\000e\000n\000d\000i\000x\000\040\0008\000:\000\040\000M\000o\000d\000e\000l\000\040\000c\000o\000m\000p\000a\000r\000i\000s\000o\000n\000\040\000-\000\040\000c\000o\000n\000d\000i\000t\000i\000o\000n\000s}{section*.15}% 23
\BOOKMARK [3][-]{section*.24}{\376\377\000A\000p\000p\000e\000n\000d\000i\000x\000\040\0009\000:\000\040\000M\000o\000d\000e\000l\000\040\000c\000o\000m\000p\000a\000r\000i\000s\000o\000n\000\040\000-\000\040\000o\000u\000t\000l\000i\000e\000r\000s\000\040\000a\000n\000d\000\040\000i\000n\000f\000l\000u\000e\000n\000t\000i\000a\000l\000\040\000p\000o\000i\000n\000t\000s}{section*.15}% 24
\BOOKMARK [3][-]{section*.25}{\376\377\000A\000p\000p\000e\000n\000d\000i\000x\000\040\0001\0000\000:\000\040\000M\000o\000d\000e\000l\000\040\000c\000o\000m\000p\000a\000r\000i\000s\000o\000n\000\040\000-\000\040\000m\000u\000l\000t\000i\000c\000o\000l\000l\000i\000n\000e\000a\000r\000i\000t\000y}{section*.15}% 25
\BOOKMARK [3][-]{section*.26}{\376\377\000A\000p\000p\000e\000n\000d\000i\000x\000\040\0001\0001\000:\000\040\000M\000o\000d\000e\000l\000\040\000c\000o\000m\000p\000a\000r\000i\000s\000o\000n\000\040\000-\000\040\000n\000e\000s\000t\000e\000d\000\040\000F\000\040\000t\000e\000s\000t}{section*.15}% 26
\BOOKMARK [3][-]{section*.27}{\376\377\000A\000p\000p\000e\000n\000d\000i\000x\000\040\0001\0002\000:\000\040\000F\000i\000n\000a\000l\000\040\000e\000v\000a\000l\000u\000a\000t\000i\000o\000n\000\040\000o\000f\000\040\0004\000\040\000a\000n\000d\000\040\0005\000\040\000t\000e\000r\000m\000\040\000m\000o\000d\000e\000l\000s}{section*.15}% 27
\BOOKMARK [3][-]{section*.28}{\376\377\000A\000p\000p\000e\000n\000d\000i\000x\000\040\0001\0003\000:\000\040\000E\000v\000a\000l\000u\000a\000t\000i\000o\000n\000\040\000o\000f\000\040\000m\000o\000d\000e\000l\000\040\000w\000i\000t\000h\000o\000u\000t\000\040\000o\000u\000t\000l\000i\000e\000r\000,\000\040\000f\000m\000A\0003}{section*.15}% 28
\BOOKMARK [3][-]{section*.29}{\376\377\000A\000p\000p\000e\000n\000d\000i\000x\000\040\0001\0004\000:\000\040\000E\000v\000a\000l\000u\000a\000t\000i\000o\000n\000\040\000o\000f\000\040\000m\000o\000d\000e\000l\000\040\000w\000i\000t\000h\000\040\000i\000n\000t\000e\000r\000a\000c\000t\000i\000o\000n\000s\000,\000\040\000f\000m\000C}{section*.15}% 29
\BOOKMARK [3][-]{section*.30}{\376\377\000A\000p\000p\000e\000n\000d\000i\000x\000\040\0001\0005\000:\000\040\000R\000e\000v\000e\000r\000s\000e\000\040\000t\000r\000a\000n\000s\000f\000o\000r\000m\000i\000n\000g\000\040\000v\000a\000r\000i\000a\000b\000l\000e\000s}{section*.15}% 30
